{
    "Role": {
        "Path": "/",
        "RoleName": "api-consumer",
        "RoleId": "AROARG4ZR2SR7OCVFVJU2",
        "Arn": "arn:aws:iam::083537024163:role/api-consumer",
        "CreateDate": "2022-07-13T18:31:19+00:00",
        "AssumeRolePolicyDocument": {
            "Version": "2012-10-17",
            "Statement": [
                {
                    "Effect": "Allow",
                    "Principal": {
                        "Service": "lambda.amazonaws.com"
                    },
                    "Action": "sts:AssumeRole"
                }
            ]
        }
    }
}
